{
  "RSpec": {
    "coverage": {
      "/Users/freddie/Documents/Projects/oyster_challenge(me)/spec/feature_spec.rb": [
        1,
        1,
        1,
        1,
        1,
        1,
        1,
        1,
        1,
        1,
        1
      ],
      "/Users/freddie/Documents/Projects/oyster_challenge(me)/lib/station.rb": [
        1,
        1,
        null,
        1,
        2,
        2,
        null,
        null
      ],
      "/Users/freddie/Documents/Projects/oyster_challenge(me)/lib/oystercard.rb": [
        null,
        null,
        1,
        1,
        1,
        1,
        1,
        null,
        1,
        1,
        null,
        1,
        22,
        22,
        22,
        22,
        null,
        null,
        1,
        17,
        16,
        16,
        null,
        null,
        1,
        13,
        13,
        13,
        12,
        null,
        null,
        null,
        1,
        null,
        null,
        null,
        7,
        4,
        null,
        null,
        null,
        1,
        3,
        2,
        1,
        null,
        null,
        null,
        null,
        null,
        null,
        1,
        null,
        1,
        17,
        null,
        null,
        1,
        13,
        null,
        null,
        1,
        6,
        null,
        null
      ],
      "/Users/freddie/Documents/Projects/oyster_challenge(me)/lib/journey.rb": [
        1,
        1,
        1,
        1,
        null,
        1,
        19,
        19,
        null,
        null,
        1,
        3,
        null,
        null,
        1,
        9,
        1,
        null,
        8,
        null,
        null,
        null,
        null
      ],
      "/Users/freddie/Documents/Projects/oyster_challenge(me)/spec/journey_spec.rb": [
        1,
        null,
        1,
        6,
        2,
        3,
        null,
        1,
        null,
        1,
        1,
        null,
        null,
        1,
        1,
        null,
        null,
        1,
        1,
        null,
        null,
        null,
        null,
        1,
        null,
        1,
        1,
        1,
        null,
        null,
        null,
        null,
        1,
        null,
        1,
        1,
        1,
        null,
        null,
        1,
        1,
        null,
        null,
        1,
        1,
        1,
        null,
        null,
        null,
        null,
        1,
        null,
        null
      ],
      "/Users/freddie/Documents/Projects/oyster_challenge(me)/spec/oystercard_spec.rb": [
        1,
        1,
        null,
        1,
        14,
        1,
        1,
        1,
        null,
        null,
        1,
        1,
        1,
        null,
        null,
        1,
        1,
        null,
        null,
        1,
        4,
        null,
        null,
        1,
        2,
        null,
        null,
        1,
        1,
        2,
        null,
        null,
        1,
        1,
        null,
        1,
        1,
        null,
        null,
        1,
        1,
        1,
        1,
        1,
        null,
        1,
        1,
        null,
        null,
        1,
        1,
        1,
        2,
        1,
        null,
        null,
        1,
        0,
        null,
        null,
        1,
        1,
        null,
        null,
        null,
        null,
        1,
        1,
        3,
        3,
        6,
        6,
        3,
        3,
        null,
        null,
        null,
        1,
        0,
        null,
        null,
        1,
        1,
        null,
        1,
        1,
        null,
        1,
        1,
        null,
        null,
        null,
        null,
        1,
        1,
        3,
        3,
        7,
        3,
        null,
        null,
        1,
        1,
        4,
        null,
        null,
        1,
        1,
        1,
        null,
        null,
        1,
        1,
        1,
        null,
        null,
        null,
        null,
        null,
        1,
        1,
        4,
        4,
        5,
        4,
        null,
        null,
        null,
        1,
        0,
        0,
        null,
        null,
        1,
        0,
        0,
        null,
        null,
        1,
        null,
        1,
        1,
        null,
        null,
        1,
        3,
        null,
        null,
        1,
        1,
        3,
        null,
        null,
        1,
        1,
        0,
        null,
        null,
        null,
        null,
        null
      ]
    },
    "timestamp": 1502464601
  }
}
